1715852645234:greet sando
1715852652248:help
1715852657913:farewell sando
1715853080853:current-user
1715857588794:currentUser
1715857592373:help
1715857596382:current-user
1715857646569:/current-user
1715857654696:help
1715857658709:current-user
1715858682056:current_user
1715858684601:help
1715858688145:current-user
1715901206617:bill-total
1715901218812:bill-total 동두천시 가정용 10
1715901898888:bill-tatal 동두천시 가정용 10
1715901914197:bill-total 동두천시 가정용 10
1715902009615:bibill-total 동두천시 가정용 10
1715902027045:bill-total 동두천시 가정용 10
1715903079963:login 11 11
1715903099415:login 1 1
1715904975483:login 2 2
1715904983649:help
1715904986925:current-user
1715905078070:help
1715905095211:bill-total 동두천시 가정용 10
1715905739770:city
1715905883674:sector
1715905939500:sector 동두천시
1715906438355:price 동두천시 가정용
1715911868907:login 1 1
1715918840194:city
1715918849919:help
1715918853971:price
1715918862940:price 동두천시 가정용
1715919089044:city
1715919603841:login 1 1
1715919609693:current-user
1715920085554:logout
1715920984555:login 1 1
1715920999383:logout
1715921063722:login 1 1
1715921080606:logout
1715922154100:city
1715922524836:login 1 1
1715922527597:city
1715922578332:login 1 1
1715922579900:city
1715922970666:login 1 1
1715922974499:logout
1715922976881:city
